Log started at 21.12.2021	10:49:25
Number of used processors (NPROC): 8.
Number of mesh partitions (NPART): 8.
Total Physical Memory = 15.89 Gb, Available Physical Memory = 7.82 Gb
Computer name:	DESKTOP-93GF8DS
Operating system:	Windows 10 (or higher) (Version 10.0.19043)

SOLIDWORKS 2021 SP2.0
Flow Simulation 2021  x64 / 5173 / MESHER ver.  

Project: F:\project\喷漆箱\1\1.xmlconfig
Configuration name: 默认
Project name: 项目(1)
Problem type: internal-type
NGK: OFF
MBO: OFF
-----------------------------------------------------------------------
Mesher option run = eRunMesherNormal
-----------------------------------------------------------------------

Mesh generation started:	21.12.2021	10:49:25
Mesher adjust APD = OFF; AdjustAPD_method=0; N_per_Channel = 0; N2_per_Channel = 0
Current CPU = 0 sec
-----------------------------------------------------------------------
Geometries initialization:
-----------------------------------------------------------------------
Loading mesh settings (global/local)...
-----------------------------------------------------------------------
Number of geometries from DB: 1
Geometry(0):
	Guid = {00000000-0000-0000-0000-000000000000}
	Fluid..
	1 Body.
	1 Real body.
	-- Bodyset 0 --
		Tolerance=7.30871e-05.
		35 Face(s).
			35 of b-spline type.
		0 Face(s) that have no ref faces
		31 Plane surface(s).
		4 Cylinder surface(s).
		312 Triangle(s).
		Getting triangle connectivities from DB: 0.027 s
		90 Edge(s).
			90 of b-spline type.
		BodyGeom reading: 0.089 s.
		29 Reference Face(s).
		300 Reference Triangles.
		Getting triangle connectivities from DB (Ref): 0.000 s
		BodyGeom Ref reading: 0.000 s.
		Getting triangle connectivities from DB (Extra Triangulation): 0.000 s
Geometry(1):
	Solid.
	-- Bodyset 1 --
	Empty
-----------------------------------------------------------------------
Number of geometries in task: 2
Number of bodysets   in task: 2
-----------------------------------------------------------------------
	Making hash and connectivity for Bodyset ...
		CBodyGeom:
		Hash size: {12, 10, 10}.
		Mesh size: {12, 10, 10}.
		Hashing triangles...Ok.
			axis(0) tr sizes: average=13 max=136
			axis(1) tr sizes: average=14 max=69
			axis(2) tr sizes: average=15 max=129
		Number of t-connected sets:2
			(0) size=12
			(1) size=300 cavity
		Done.
		CBodyGeomRef:
		Hashing triangles...Ok.
			axis(0) tr sizes: average=10 max=130
			axis(1) tr sizes: average=12 max=65
			axis(2) tr sizes: average=12 max=125
		Done.
	0.00792 s.
Hash BodySets boxes over base mesh...OK (0.000 s)
Geometries reading and preparing has taken 0.101 s.

Mapped triangles:
Hashing geometries triangles
	Triangles num=312
	Triangles box={-0.231423  ,0.231423  ,0.00371553  ,0.397129  ,-0.390407  ,-0.00372896  }
		3d-hash size is 13456 bytes
Hashing peculiar surfaces triangles
	Triangles num=30
	Triangles box={-0.1025  ,0.1025  ,0.396345  ,0.396345  ,-0.1675  ,-0.0125  }
	Triangles num=2
	Triangles box={-0.0999211  ,0.0999211  ,0.00195469  ,0.170929  ,-0.387845  ,-0.387845  }
		3d-hash size is 4968 bytes
		3d-hash size is 5180 bytes
Mapped triangles processed in 0.005 s.
-----------------------------------------------------------------------
Getting sectors:
Number of sectors: 0
-----------------------------------------------------------------------
-----------------------------------------------------------------------

Current CPU = 1 sec
-----------------------------------------------------------------------
Checking faces on CD...
FCD = [0 0 0 0 0 0]
FCD_conflicts = 0
Time (check faces on CD)=0.000 s
-----------------------------------------------------------------------

-----------------------------------------------------------------------
Mesh dimensions:
				I[0 ]=12
				I[1 ]=10
				I[2 ]=10

Comp. domain size:
				a[0  ]=-0.230961
				a[1  ]=0.230961
				a[2  ]=0.00410816
				a[3  ]=0.396736
				a[4  ]=-0.390021
				a[5  ]=-0.00411486

Fluid calculated			1
Solid calculated			0
-----------------------------------------------------------------------
MESH Build started...
-----------------------------------------------------------------------
Mesh LEVEL = 1
-----------------------------------------------------------------------
-----------------------------------------------------------------------
CPT-mode xeps:
	D / dh / eps [axis=0] = (0.461922, 0.0192407, 1.92407e-05)
	D / dh / eps [axis=1] = (0.392628, 0.0196261, 1.96261e-05)
	D / dh / eps [axis=2] = (0.385906, 0.0192908, 1.92908e-05)
-----------------------------------------------------------------------
Setting regions...OK (0.000 s)
-----------------------------------------------------------------------
Base mesh info:
	3D task
	Nx=12
	Ny=10
	Nz=10
	N(Nx*Ny*Nz) = 120
	Period    axis=[0, 0, 0]
	Symmetry  ni=[0 0 0 0 0 0]
	ZoomingBC ni=[0 0 0 0 0 0]
	Nx=12
		x[0]=-0.230961
		x[1]=-0.192455
		x[2]=-0.153962
		x[3]=-0.115468
		x[4]=-0.0769749
		x[5]=-0.0384814
		x[6]=1.20893e-05
		x[7]=0.0385056
		x[8]=0.0769991
		x[9]=0.115493
		x[10]=0.153986
		x[11]=0.19248
		x[12]=0.230961
	Ny=10
		y[0]=0.00410816
		y[1]=0.0433817
		y[2]=0.0826445
		y[3]=0.121907
		y[4]=0.16117
		y[5]=0.200433
		y[6]=0.239696
		y[7]=0.278959
		y[8]=0.318221
		y[9]=0.357484
		y[10]=0.396736
	Nz=10
		z[0]=-0.390021
		z[1]=-0.351421
		z[2]=-0.312831
		z[3]=-0.27424
		z[4]=-0.235649
		z[5]=-0.197059
		z[6]=-0.158468
		z[7]=-0.119878
		z[8]=-0.0812871
		z[9]=-0.0426966
		z[10]=-0.00411486
-----------------------------------------------------------------------
Input_mesh_settings--------------------------------
Settings 0----------------
	Scope: GLOBAL
	Type:	------MESHER_SETTINGS----------
	RefAllCells           =0
	RefFluidCells         =0
	RefPartCells          =0
	RefSolidCells         =0
	l_SSFR(Capture crit)  =1
	l_curv(Curvature crit)=0
	l_tol(Tolerance crit) =0
	UseChannelRef         =1
	  NCR_method          =0
	  l_NCR               =1
	  N_gap               =5
	  Use d_NCR_min       =0
	  Use d_NCR_max       =0
	IgnoreThinChannelsHeight         =0
	--END_OF_MESHER_SETTINGS-------
End of input mesh settings-------------------------
NxNyNz = [12, 10, 10]
base_dx=0.0387823; 
NxNyNz_reverse = [12, 10, 10]

-----------------------------------------------------------------------
Refining geometries:
-----------------------------------------------------------------------

-----------------------------------------------------------------------
Refining by triangulation...
Refinement input: 1200 bricks
Setting regions...OK (0.000 s)
Refinement result: 1494 bricks (0.036 s)
Refinement input: 1494 bricks
Refinement result: 1494 bricks (0.000 s)
Collecting and processing rays...OK (0.002 s)
Capturing...OK (0.000 s)
Refining by triangulation takes 0.039 s
-----------------------------------------------------------------------

-----------------------------------------------------------------------
Refining peculiar surfaces...
0 surfaces refined
Refining peculiar surfaces takes 0 s
-----------------------------------------------------------------------
Collecting and processing rays...OK (0.000 s)
Capturing...OK (0.000 s)

-----------------------------------------------------------------------
Base mesh 1 Refining...
Collecting and processing rays...OK (0.000 s)
Capturing...OK (0.000 s)
Refinement input: 1494 bricks
Refinement result: 1494 bricks (0.000 s)
-----------------------------------------------------------------------
Refining channels...
FYI: CNarrowChannelRefiner::RefineChannels_PRLL
Refinement input: 1494 bricks
Setting regions...OK (0.000 s)
Refinement result: 4679 bricks (0.001 s)
Collecting and processing rays...OK (0.002 s)
Capturing...OK (0.000 s)
FYI: m_iteration_count = 0
FYI: level1 statistics:
     level1_cnt_plus[1]=3640;		level1_cnt_minus[1]=0
     level1_cnt_plus[2]=0;		level1_cnt_minus[2]=0
     level1_cnt_plus[3]=0;		level1_cnt_minus[3]=0
     level1_cnt_plus[4]=0;		level1_cnt_minus[4]=0
     level1_cnt_plus[5]=0;		level1_cnt_minus[5]=0
     level1_cnt_plus[6]=0;		level1_cnt_minus[6]=0
     level1_cnt_plus[7]=0;		level1_cnt_minus[7]=0
     level1_cnt_plus[8]=0;		level1_cnt_minus[8]=0
     level1_cnt_plus[9]=0;		level1_cnt_minus[9]=0
Refinement input: 4679 bricks
Setting regions...OK (0.000 s)
Refinement result: 4896 bricks (0.001 s)
Collecting and processing rays...OK (0.000 s)
Capturing...OK (0.000 s)
FYI: m_iteration_count = 1
FYI: level1 statistics:
     level1_cnt_plus[1]=3888;		level1_cnt_minus[1]=0
     level1_cnt_plus[2]=0;		level1_cnt_minus[2]=0
     level1_cnt_plus[3]=0;		level1_cnt_minus[3]=0
     level1_cnt_plus[4]=0;		level1_cnt_minus[4]=0
     level1_cnt_plus[5]=0;		level1_cnt_minus[5]=0
     level1_cnt_plus[6]=0;		level1_cnt_minus[6]=0
     level1_cnt_plus[7]=0;		level1_cnt_minus[7]=0
     level1_cnt_plus[8]=0;		level1_cnt_minus[8]=0
     level1_cnt_plus[9]=0;		level1_cnt_minus[9]=0
Refinement input: 4896 bricks
Setting regions...OK (0.000 s)
Refinement result: 4903 bricks (0.001 s)
Collecting and processing rays...OK (0.000 s)
Capturing...OK (0.000 s)
FYI: m_iteration_count = 2
FYI: level1 statistics:
     level1_cnt_plus[1]=3896;		level1_cnt_minus[1]=0
     level1_cnt_plus[2]=0;		level1_cnt_minus[2]=0
     level1_cnt_plus[3]=0;		level1_cnt_minus[3]=0
     level1_cnt_plus[4]=0;		level1_cnt_minus[4]=0
     level1_cnt_plus[5]=0;		level1_cnt_minus[5]=0
     level1_cnt_plus[6]=0;		level1_cnt_minus[6]=0
     level1_cnt_plus[7]=0;		level1_cnt_minus[7]=0
     level1_cnt_plus[8]=0;		level1_cnt_minus[8]=0
     level1_cnt_plus[9]=0;		level1_cnt_minus[9]=0
FYI: m_iteration_count = 3
FYI: level1 statistics:
     level1_cnt_plus[1]=3896;		level1_cnt_minus[1]=0
     level1_cnt_plus[2]=0;		level1_cnt_minus[2]=0
     level1_cnt_plus[3]=0;		level1_cnt_minus[3]=0
     level1_cnt_plus[4]=0;		level1_cnt_minus[4]=0
     level1_cnt_plus[5]=0;		level1_cnt_minus[5]=0
     level1_cnt_plus[6]=0;		level1_cnt_minus[6]=0
     level1_cnt_plus[7]=0;		level1_cnt_minus[7]=0
     level1_cnt_plus[8]=0;		level1_cnt_minus[8]=0
     level1_cnt_plus[9]=0;		level1_cnt_minus[9]=0
FYI: level1 statistics:
     level1_cnt_plus[1]=3896;		level1_cnt_minus[1]=0
     level1_cnt_plus[2]=0;		level1_cnt_minus[2]=0
     level1_cnt_plus[3]=0;		level1_cnt_minus[3]=0
     level1_cnt_plus[4]=0;		level1_cnt_minus[4]=0
     level1_cnt_plus[5]=0;		level1_cnt_minus[5]=0
     level1_cnt_plus[6]=0;		level1_cnt_minus[6]=0
     level1_cnt_plus[7]=0;		level1_cnt_minus[7]=0
     level1_cnt_plus[8]=0;		level1_cnt_minus[8]=0
     level1_cnt_plus[9]=0;		level1_cnt_minus[9]=0

-----------------------------------------------------------------------
U-shapes refinement...
Refinement input: 4903 bricks
Refinement result: 4903 bricks (0.000 s)
Collecting and processing rays...OK (0.000 s)
Capturing...OK (0.000 s)
-----------------------------------------------------------------------

-----------------------------------------------------------------------
Equi Distant Refiner:
Equi Distant Refiner takes 0.00 s
-----------------------------------------------------------------------

/-Ray Intersection---------------/ Time	0.003 s
Calls			1348
CorrectRay Calls	0



-----------------------------------------------------------------------
Refining geometries takes 0.072 s
-----------------------------------------------------------------------
Defect ray count	0
FYI: CNarrowChannelRefiner::RedistributeLevel1_step_1: is finished
FYI: level1 statistics:
     level1_cnt_plus[1]=3896;		level1_cnt_minus[1]=0
     level1_cnt_plus[2]=0;		level1_cnt_minus[2]=0
     level1_cnt_plus[3]=0;		level1_cnt_minus[3]=0
     level1_cnt_plus[4]=0;		level1_cnt_minus[4]=0
     level1_cnt_plus[5]=0;		level1_cnt_minus[5]=0
     level1_cnt_plus[6]=0;		level1_cnt_minus[6]=0
     level1_cnt_plus[7]=0;		level1_cnt_minus[7]=0
     level1_cnt_plus[8]=0;		level1_cnt_minus[8]=0
     level1_cnt_plus[9]=0;		level1_cnt_minus[9]=0
FYI: CNarrowChannelRefiner::RedistributeLevel1_step_2: is started
FYI: CNarrowChannelRefiner::RedistributeLevel1_step_2: is finished
FYI: level1 statistics:
     level1_cnt_plus[1]=4217;		level1_cnt_minus[1]=0
     level1_cnt_plus[2]=0;		level1_cnt_minus[2]=0
     level1_cnt_plus[3]=0;		level1_cnt_minus[3]=0
     level1_cnt_plus[4]=0;		level1_cnt_minus[4]=0
     level1_cnt_plus[5]=0;		level1_cnt_minus[5]=0
     level1_cnt_plus[6]=0;		level1_cnt_minus[6]=0
     level1_cnt_plus[7]=0;		level1_cnt_minus[7]=0
     level1_cnt_plus[8]=0;		level1_cnt_minus[8]=0
     level1_cnt_plus[9]=0;		level1_cnt_minus[9]=0
FYI: CNarrowChannelRefiner::RedistributeLevel1_step_3: is started
FYI: CNarrowChannelRefiner::RedistributeLevel1_step_3: is finished
RedistributeLevel1 takes:
FYI: level1 statistics:
     level1_cnt_plus[1]=4217;		level1_cnt_minus[1]=15
     level1_cnt_plus[2]=0;		level1_cnt_minus[2]=0
     level1_cnt_plus[3]=0;		level1_cnt_minus[3]=0
     level1_cnt_plus[4]=0;		level1_cnt_minus[4]=0
     level1_cnt_plus[5]=0;		level1_cnt_minus[5]=0
     level1_cnt_plus[6]=0;		level1_cnt_minus[6]=0
     level1_cnt_plus[7]=0;		level1_cnt_minus[7]=0
     level1_cnt_plus[8]=0;		level1_cnt_minus[8]=0
     level1_cnt_plus[9]=0;		level1_cnt_minus[9]=0
-----------------------------------------------------------------------
MSH format builder (Iteration 0)
-----------------------------------------------------------------------
Memory Working Set Current = 29.26 Mb, Memory Working Set Peak = 33.66 Mb
Process Threads Number: 14
-----------------------------------------------------------------------
Total bricks count: 4903
-----------------------------------------------------------------------
MSH (Real Geometry) format constructor:
	Geom    Count = 2
	Bodyset Count = 2
	3D task
	Getting brick sets...OK (0.000 s)

	Min x-stack xeps = 0.000771041
	D / dh / eps [axis=0] = (0.461922, 0.0192407, 1.92407e-05)
	D / dh / eps [axis=1] = (0.392628, 0.0196261, 1.96261e-05)
	D / dh / eps [axis=2] = (0.385906, 0.0192908, 1.92908e-05)
	Time (xeps): 0.000 s
Level 1
	Set (0)  size: 2116
	Set (0)  time: 0.019 s
	Set (1)  size: 2116
	Set (1)  time: 0.017 s
Level 0
	Set (0)  size: 335
	Set (0)  time: 0.002 s
	Set (1)  size: 336
	Set (1)  time: 0.002 s
Result:
	Bricks number:                        4903

	Memory usage:                         1.427 MB
	Memory usage (per brick):             0.298 KB
	Construction time:                    0.042 s

	Topology features:
	------------------
	- High quality bricks                  100.00 % (4903)
	- Medium quality bricks                  0.00 % (0)
	- Bad quality bricks                     0.00 % (0)
	- Type-1 bricks                         48.22 % (2364)
	- Ribs corrected bricks                  0.00 % (0)
	- Points with geom-info (bricks)         0.00 % (0)
	- Points with closest-info (bricks)      0.00 % (0)
	- Triangulated by center (bricks)        0.00 % (0)
	- Facet w-faces mergings (bricks)        0.00 % (0)
	- To refine (bricks)                     0.00 % (0)
	- Points-count                           0.00 % (0)
	- T-self-intersection-all (bricks)       0.00 % (0)
	- T-self-intersection-simple (bricks)    0.00 % (0)
	- T-self-intersection-complex (bricks)   0.00 % (0)

-----------------------------------------------------------------------
Memory Working Set Current = 35.49 Mb, Memory Working Set Peak = 35.50 Mb
Process Threads Number: 14
-----------------------------------------------------------------------
-----------------------------------------------------------------------
msh-iterations: 1
-----------------------------------------------------------------------
high---q-brick-count = 100.00 % (4903 4903)
medium-q-brick-count =   0.00 % (4903 0)
bad----q-brick-count =   0.00 % (4903 0)
-----------------------------------------------------------------------
Free brick parser storage...OK(0.001 s)
-----------------------------------------------------------------------
Memory Working Set Current = 33.97 Mb, Memory Working Set Peak = 36.02 Mb
Process Threads Number: 14
-----------------------------------------------------------------------
-----------------------------------------------------------------------
MSH --> BCF format (Iteration 0)...
BCF collector...(remove mode=0)
	Time (alloc counter per brick): 0.000 s
	Brick    count: 4903
	Av.f all count: 4899
	Av.s all count: 2774
	Av.f pid count: 2748
	Av.s pid count: 2386
	Faces fs count: 3446
	Faces ff count: 0
	Faces ss count: 0
	Faces bb count: 0
	Faces fe count: 0
	Faces se count: 1808
	Faces fw count: 5254
	Faces af count: 13662
	Faces as count: 6293
	Time (all count): 	0.003 s
	Time (bcf alloc): 	0.001 s
	Time (shifts alloc): 	0.001 s
	Time (shifts init): 	0.001 s
	Time (bcf fill): 	0.005 s
	Time (add av to faces): 0.000 s
	Time (add faces to av): 0.003 s
Time (bcf collect): 		0.015 s
	AV checker...
	Time (check av): 	0.002 s
	Subdomain checker...
		Subdomains construction time: 0.001 s.
		Subdomains sort time: 0.000 s.
			Subdomain 0 (geom_ind=0): 4899 av
			Subdomain 1 (geom_ind=1): 2774 av
		gi: 0, subdomains: 1, real bodies: 1
		gi: 1, subdomains: 1, real bodies: 0
		Defect subdomains: 0
	Time (check subdoms): 	0.002 s
Time (bcf iteration total): 	0.018 s
	Time (fw-nb): 		0.000 s
	Fixed mutual fw-nb:     922 (bb: 0)
	Time (fw-nb mutual): 	0.000 s
	Time (fw-nb sort): 	0.000 s
	Time (fw-nb): 		0.004 s
	Fixed mutual fw-nb:     10645 (bb: 0)
	Time (fw-nb mutual): 	0.001 s
	Time (fw-nb sort): 	0.000 s
	Time (rfd fix): 	0.000 s
	Time (av convexity): 	0.002 s
	Time (av small volume): 0.000 s
	Time (diagonal fw-nb): 	0.007 s
	Fixed mutual fw-nb:     0 (bb: 0)
	Time (fw-nb mutual): 	0.001 s
	Time (fw-nb sort): 	0.000 s
	Fluid subdomains: 1
	Faces fw-nb diff sd:    0
	Time (fw-nb diff sd): 	0.001 s
Time (bcf calc): 		0.020 s
-----------------------------------------------------------------------
Time (bcf total): 		0.038 s
-----------------------------------------------------------------------
-----------------------------------------------------------------------
Mega-cv constructor for fluid...
	 0 av's is treated as thin
Relative size generator (threshold = 0.05)...
	Iteration 1 (small cluster count = 100)
	Iteration 2 (small cluster count = 57)
	Iteration 3 (small cluster count = 17)
	Iteration 4 (small cluster count = 5)
	Iteration 5 (small cluster count = 1)
	Iteration 6 (small cluster count = 0)
	 99 mega-cv's generated
	 7 mega-cv's removed
Relative size generator is completed OK (0.002 s)
Apply fa-rules to mega-cv clusters fixes...
	Fa-rule violation fixes:        8 of        8 (total cluster# =       94)
OK (0.001 s)
Convert clusters:
	 94 mega-cv's total
Mega-cv count: 94
Time (mega-cv fill): 	0.001 s
Time (mega-cv total): 	0.007 s
-----------------------------------------------------------------------
Mixing plane rotation regions: NO.
Sliding mesh rotation regions: NO.
Fluid/fluid faces: NO.
-----------------------------------------------------------------------
Memory Working Set Current = 39.23 Mb, Memory Working Set Peak = 39.23 Mb
Process Threads Number: 14
-----------------------------------------------------------------------
----------------------------------------------------------
BCF --> BCF.GEOMSUBDOM (bridge arrays):
MESH (0):
	Fluid Subdom Constructor: 1 subdom(s).
	Solid Subdom Constructor: 1 subdom(s).
	Net Asm Subdom Constructor: 0 subdom(s).
	GEOMSUBDOM (0): gi=0 fluid av=4899 cv=4805 fa=13662 fb=0 fw=3446 V=5.447050e-02
	Cache data...OK
	GEOMSUBDOM (1): gi=1 solid av=2774 cv=2774 fa=6293 fb=0 fw=5254 V=1.551878e-02
	Cache data...OK
	Setting nb of w-faces...OK (0.003 s).
	Correcting nb of w-faces...
	Time(correct_fw_nb)=0.002 s

MESH (0) checking:
	GEOMSUBDOM (0):fa_s=5.9491508035116247 fb_s=0.0000000000000000 fw_s=1.1669682358668687 fw_nb=27424
	              :d_const(1763)=2.51453e-12 d_linear(755)=3.24865e-12
	GEOMSUBDOM (1):fa_s=1.3408980625502498 fb_s=0.0000000000000000 fw_s=2.1892473263396219 fw_nb=34762
	              :d_const(1074)=1.85586e-12 d_linear(517)=5.65432e-12
MESH (0) checking: OK.
Time (MDS): 	0.019 s
----------------------------------------------------------
-----------------------------------------------------------------------
Memory Working Set Current = 43.07 Mb, Memory Working Set Peak = 43.08 Mb
Process Threads Number: 14
-----------------------------------------------------------------------

-----------------------------------------------------------------------
BCF CHECKSUM DATA (Mesh 0):

BRICK |Level1| Sum:               4232
FACE_A Area Sum:   G.Fluid        5.9491508035116247
FACE_A Area Sum:   G.Solid        1.3408980625502500
FACE_W Area Sum:                  2.1892473263396215
FACE_W Nb   Sum:                  34762
FACE_W min curvatures sum:        -600.77224732
FACE_W max curvatures sum:        0.00000001
AV Max Disbalance(Const) :        2.51453e-12 (cid=2182, t={23, 13, 13}, avid=1889, pid=1026)
AV Max Disbalance(Linear):        5.65432e-12 (cid=2091, t={0, 12, 13}, avid=6191, pid=904)
-----------------------------------------------------------------------


-----------------------------------------------------------------------
MESHER TOPOLOGY DATA:

BRICKS: Total                 4903
BRICKS: Max AV number         3
AV:     G.Total               7673
AV:     G.Fluid               4899
AV:     G.Solid               2774

AV:     G.Fluid Thin Profile    0.45 % (22)
AV:     G.Solid Thin Profile   13.84 % (384)

AV:     G.Fluid Thin For Mega   0.00 % (0)
AV:     G.Solid Thin For Mega  12.69 % (352)

AV:     G.Fluid Non-Convex      3.59 % (176)
AV:     G.Solid Non-Convex     12.55 % (348)

AV:     G.Fluid Non-Ess-Convex      3.59 % (176)
AV:     G.Solid Non-Ess-Convex     12.55 % (348)

FACE_A: G.Fluid          (af) 13662 (partially opened 5575)
FACE_A: G.Solid          (as) 6293 (partially opened 4918)

FACE_B: G.Total          (b)  0

FACE_W: G.Total                 5254        Brick/Bound
FACE_W: G.Fluid/Solid    (fs_g) 3446        0           
FACE_W: G.Fluid/Fluid    (ff_g) 0           0           
FACE_W: G.Solid/Solid    (ss_g) 0           0           
FACE_W: G.Fluid/External (fe_g) 0
FACE_W: G.Solid/External (se_g) 1808

AV/CV max fa count (on brick side):4
AV/CV max fw count:                4
AV/CV max fb count:                0
AV/CV max fw poly count:           7

MEMORY: Total                   2.800 MB
MEMORY: Per Brick               0.585 KB
-----------------------------------------------------------------------

-----------------------------------------------------------------------
Connectivities information:
	Number of conns: 0
-----------------------------------------------------------------------
	Time (gap size): 	0.007 s
-----------------------------------------------------------------------
Calculating curvature and tolerance criteria...
Curvature: min=0 max=3.14159
Tolerance: min=0 max=0.0309196
Calculating curvature and tolerance criteria takes 0.004 s
-----------------------------------------------------------------------
MESH Build(FS) finished. Time=0.249 s
-----------------------------------------------------------------------
Current CPU = 1 sec

Nx=12
Ny=10
Nz=10
Max BRICK Level=1
Mesh Level=1
-----------------CModelBodies2MeshMapper::CollectData started -------------------------------
-----------------CModelBodies2MeshMapper Report -------------------------------
FluidDomains 1 SolidDomains 1 VoidDomains 0 
Domains RefIndexes
Domain 0, Index count 29
Domain 1, Index count 29
----------------- -------------------------------
	ModelBodies
Total resolved Bodies 0 BodySets 0

--------------------------------------------------------------------------
	Positive geometry Bodies
Total resolved Bodies 1 BodySets 1
BodySet 0
	Bodies list:
			#0	Name: ;	ID: 8a7bb712-44e5-45d5-b405-7e71c072041d
	Domains list:		 0 

--------------------------------------------------------------------------
	Fluid regions
Total resolved Bodies 1 BodySets 1
BodySet 0	Material: 空气; 
	Bodies list:
			#0	Name: ;	ID: 8a7bb712-44e5-45d5-b405-7e71c072041d
	Domains list:		 0 

--------------------------------------------------------------------------
-----------------CModelBodies2MeshMapper::CollectData finished successfully-------------------
Saving initial mesh in: F:\project\喷漆箱\1\1.fld .
Storing results...
Estimated CPT size=1.435 MB.
	Time (write bcf): 0.059 s
OK
-----------------------------------------------------------------------
Memory Working Set Current = 43.79 Mb, Memory Working Set Peak = 43.79 Mb
Process Threads Number: 14
-----------------------------------------------------------------------
Cleaning memory...
		Time (free xsl):                    	0.001 s
Free Geometry DB takes 0.000 s
	Time (free bcf): 	0.003 s
		Time (free bcf mesh):               	0.008 s
	Time (free mesher data):              	0.009 s
Copying... OK
Mesh generation normally finished at	21.12.2021	10:49:26
Mesher CPU = 1 sec
Mesher is finished at	21.12.2021	10:49:26
-----------------------------------------------------------------------
Memory Working Set Current = 31.66 Mb, Memory Working Set Peak = 44.32 Mb
Process Threads Number: 14
-----------------------------------------------------------------------
Algebra Pool      : mem_usage = 0.19 Mb, allocated count = 0
Log ended at 21.12.2021	10:49:26
